
> knots@0.0.0 build
> tsc -b && vite build

src/features/editor/components/EditorSidebar.tsx(242,105): error TS2554: Expected 1-2 arguments, but got 3.
src/features/editor/CSCanvas.tsx(934,25): error TS7006: Parameter 'id' implicitly has an 'any' type.
src/features/editor/CSCanvas.tsx(934,29): error TS7006: Parameter 'idx' implicitly has an 'any' type.
src/features/editor/CSCanvas.tsx(935,27): error TS7006: Parameter 'i' implicitly has an 'any' type.
