src/features/knot/logic/KnotEnvelopeComputer.ts(2,29): error TS2307: Cannot find module '../../core/types/cs' or its corresponding type declarations.
src/features/knot/logic/KnotEnvelopeComputer.ts(3,38): error TS2307: Cannot find module '../../core/geometry/contactGraph' or its corresponding type declarations.
src/features/knot/logic/KnotEnvelopeComputer.ts(4,41): error TS2307: Cannot find module '../../core/geometry/robustHull' or its corresponding type declarations.
